[  123778ms] [ERROR] Failed to load resource: the server responded with a status of 500 (Internal Server Error) @ http://localhost:3000/?_rsc=1ch6o:0
[  123869ms] [ERROR] Failed to load resource: the server responded with a status of 500 (Internal Server Error) @ http://localhost:3000/:0
[  123964ms] ReferenceError: Cannot access '_NEXT_REQUEST_META' before initialization
    at <static_initializer> (file:///Users/seojin/workspace/nextjs-supabase-app/.next/dev/server/chunks/ssr/node_modules_3f58cfb5._.js:499:43)
    at module evaluation (file:///Users/seojin/workspace/nextjs-supabase-app/.next/dev/server/chunks/ssr/node_modules_3f58cfb5._.js:498:197)
    at instantiateModule (file:///Users/seojin/workspace/nextjs-supabase-app/.next/dev/server/chunks/ssr/[turbopack]_runtime.js:740:9)
    at getOrInstantiateModuleFromParent (file:///Users/seojin/workspace/nextjs-supabase-app/.next/dev/server/chunks/ssr/[turbopack]_runtime.js:763:12)
    at Context.esmImport [as i] (file:///Users/seojin/workspace/nextjs-supabase-app/.next/dev/server/chunks/ssr/[turbopack]_runtime.js:228:20)
    at module evaluation (file:///Users/seojin/workspace/nextjs-supabase-app/.next/dev/server/chunks/ssr/node_modules_3f58cfb5._.js:7789:197)
    at instantiateModule (file:///Users/seojin/workspace/nextjs-supabase-app/.next/dev/server/chunks/ssr/[turbopack]_runtime.js:740:9)
    at getOrInstantiateModuleFromParent (file:///Users/seojin/workspace/nextjs-supabase-app/.next/dev/server/chunks/ssr/[turbopack]_runtime.js:763:12)
    at Context.esmImport [as i] (file:///Users/seojin/workspace/nextjs-supabase-app/.next/dev/server/chunks/ssr/[turbopack]_runtime.js:228:20)
    at module evaluation (file:///Users/seojin/workspace/nextjs-supabase-app/.next/dev/server/chunks/ssr/node_modules_3f58cfb5._.js:8968:3141)
    at instantiateModule (file:///Users/seojin/workspace/nextjs-supabase-app/.next/dev/server/chunks/ssr/[turbopack]_runtime.js:740:9)
    at instantiateRuntimeModule (file:///Users/seojin/workspace/nextjs-supabase-app/.next/dev/server/chunks/ssr/[turbopack]_runtime.js:768:12)
    at getOrInstantiateRuntimeModule (file:///Users/seojin/workspace/nextjs-supabase-app/.next/dev/server/chunks/ssr/[turbopack]_runtime.js:781:12)
    at Object.m (file:///Users/seojin/workspace/nextjs-supabase-app/.next/dev/server/chunks/ssr/[turbopack]_runtime.js:790:18)
    at Object.<anonymous> (file:///Users/seojin/workspace/nextjs-supabase-app/.next/dev/server/app/page.js:15:3)
    at Module._compile (node:internal/modules/cjs/loader:1761:14)
    at Object..js (node:internal/modules/cjs/loader:1893:10)
    at Module.load (node:internal/modules/cjs/loader:1481:32)
    at Module._load (node:internal/modules/cjs/loader:1300:12)
    at TracingChannel.traceSync (node:diagnostics_channel:328:14)
    at wrapModuleLoad (node:internal/modules/cjs/loader:245:24)
    at Module.<anonymous> (node:internal/modules/cjs/loader:1504:12)
    at mod.require (file:///Users/seojin/workspace/nextjs-supabase-app/node_modules/next/dist/server/require-hook.js:68:28)
    at require (node:internal/modules/helpers:152:16)
    at requirePage (file:///Users/seojin/workspace/nextjs-supabase-app/node_modules/next/dist/server/require.js:105:80)
    at loadComponentsImpl (file:///Users/seojin/workspace/nextjs-supabase-app/node_modules/next/dist/server/load-components.js:155:61)
    at DevServer.findPageComponentsImpl (file:///Users/seojin/workspace/nextjs-supabase-app/node_modules/next/dist/server/next-server.js:877:77)
    at <unknown> (file:///Users/seojin/workspace/nextjs-supabase-app/node_modules/next/dist/server/next-server.js:859:21)
    at <unknown> (file:///Users/seojin/workspace/nextjs-supabase-app/node_modules/next/dist/server/lib/trace/tracer.js:185:36)
    at NoopContextManager.with (file:///Users/seojin/workspace/nextjs-supabase-app/node_modules/next/dist/compiled/@opentelemetry/api/index.js:1:7062)
    at ContextAPI.with (file:///Users/seojin/workspace/nextjs-supabase-app/node_modules/next/dist/compiled/@opentelemetry/api/index.js:1:518)
    at NoopTracer.startActiveSpan (file:///Users/seojin/workspace/nextjs-supabase-app/node_modules/next/dist/compiled/@opentelemetry/api/index.js:1:18093)
    at ProxyTracer.startActiveSpan (file:///Users/seojin/workspace/nextjs-supabase-app/node_modules/next/dist/compiled/@opentelemetry/api/index.js:1:18854)
    at <unknown> (file:///Users/seojin/workspace/nextjs-supabase-app/node_modules/next/dist/server/lib/trace/tracer.js:154:103)
    at NoopContextManager.with (file:///Users/seojin/workspace/nextjs-supabase-app/node_modules/next/dist/compiled/@opentelemetry/api/index.js:1:7062)
    at ContextAPI.with (file:///Users/seojin/workspace/nextjs-supabase-app/node_modules/next/dist/compiled/@opentelemetry/api/index.js:1:518)
    at NextTracerImpl.trace (file:///Users/seojin/workspace/nextjs-supabase-app/node_modules/next/dist/server/lib/trace/tracer.js:154:28)
    at DevServer.findPageComponents (file:///Users/seojin/workspace/nextjs-supabase-app/node_modules/next/dist/server/next-server.js:854:41)
    at DevServer.findPageComponents (file:///Users/seojin/workspace/nextjs-supabase-app/node_modules/next/dist/server/dev/next-dev-server.js:691:28)
    at async DevServer.renderPageComponent (file:///Users/seojin/workspace/nextjs-supabase-app/node_modules/next/dist/server/base-server.js:1480:24)
    at async DevServer.renderToResponseImpl (file:///Users/seojin/workspace/nextjs-supabase-app/node_modules/next/dist/server/base-server.js:1544:32)
    at async DevServer.pipeImpl (file:///Users/seojin/workspace/nextjs-supabase-app/node_modules/next/dist/server/base-server.js:1038:25)
    at async NextNodeServer.handleCatchallRenderRequest (file:///Users/seojin/workspace/nextjs-supabase-app/node_modules/next/dist/server/next-server.js:395:17)
    at async DevServer.handleRequestImpl (file:///Users/seojin/workspace/nextjs-supabase-app/node_modules/next/dist/server/base-server.js:929:17)
    at async (file:///Users/seojin/workspace/nextjs-supabase-app/node_modules/next/dist/server/dev/next-dev-server.js:387:20)
    at async Span.traceAsyncFn (file:///Users/seojin/workspace/nextjs-supabase-app/node_modules/next/dist/trace/trace.js:157:20)
    at async DevServer.handleRequest (file:///Users/seojin/workspace/nextjs-supabase-app/node_modules/next/dist/server/dev/next-dev-server.js:383:24)
    at async invokeRender (file:///Users/seojin/workspace/nextjs-supabase-app/node_modules/next/dist/server/lib/router-server.js:248:21)
    at async handleRequest (file:///Users/seojin/workspace/nextjs-supabase-app/node_modules/next/dist/server/lib/router-server.js:447:24)
    at async requestHandlerImpl (file:///Users/seojin/workspace/nextjs-supabase-app/node_modules/next/dist/server/lib/router-server.js:496:13)
[  258376ms] [ERROR] WebSocket connection to 'ws://localhost:3000/_next/webpack-hmr' failed: Error in connection establishment: net::ERR_CONNECTION_REFUSED @ http://localhost:3000/_next/static/chunks/node_modules_next_dist_client_5a8a528e._.js:2266
[  259378ms] [ERROR] WebSocket connection to 'ws://localhost:3000/_next/webpack-hmr' failed: Error in connection establishment: net::ERR_CONNECTION_REFUSED @ http://localhost:3000/_next/static/chunks/node_modules_next_dist_client_5a8a528e._.js:2266
[  260380ms] [ERROR] WebSocket connection to 'ws://localhost:3000/_next/webpack-hmr' failed: Error in connection establishment: net::ERR_CONNECTION_REFUSED @ http://localhost:3000/_next/static/chunks/node_modules_next_dist_client_5a8a528e._.js:2266
[  261382ms] [ERROR] WebSocket connection to 'ws://localhost:3000/_next/webpack-hmr' failed: Error in connection establishment: net::ERR_CONNECTION_REFUSED @ http://localhost:3000/_next/static/chunks/node_modules_next_dist_client_5a8a528e._.js:2266
[  262384ms] [ERROR] WebSocket connection to 'ws://localhost:3000/_next/webpack-hmr' failed: Error in connection establishment: net::ERR_CONNECTION_REFUSED @ http://localhost:3000/_next/static/chunks/node_modules_next_dist_client_5a8a528e._.js:2266
